{
  "RSpec": {
    "coverage": {
      "/Users/phillipkamps/turing/1module/solo_projects/night_writer/spec/translator_spec.rb": {
        "lines": [
          1,
          1,
          null,
          1,
          1,
          1,
          1,
          null,
          null,
          1,
          1,
          1,
          null,
          null,
          1,
          1,
          1,
          1,
          null,
          null
        ]
      },
      "/Users/phillipkamps/turing/1module/solo_projects/night_writer/lib/translator.rb": {
        "lines": [
          1,
          1,
          null,
          1,
          3,
          null,
          null,
          1,
          1,
          null,
          null
        ]
      }
    },
    "timestamp": 1646456447
  }
}
